###############################################################################
#                                                                             #
#     IAR Assembler V6.30.1.934/W32  for MSP430 26/May/2018  17:50:47         #
#     Copyright 1996-2015 IAR Systems AB.                                     #
#                                                                             #
#           Target option =  MSP430                                           #
#           Source file   =  C:\Users\mka\Documents\GitHub\4e4th034+uMMT+u4th\4e-infoC.s43#
#           List file     =  C:\Users\mka\Documents\GitHub\4e4th034+uMMT+u4th\Debug\List\4e-infoC.lst#
#           Object file   =  C:\Users\mka\Documents\GitHub\4e4th034+uMMT+u4th\Debug\Obj\4e-infoC.r43#
#           Command line  =  C:\Users\mka\Documents\GitHub\4e4th034+uMMT+u4th\4e-infoC.s43 #
#                            -OC:\Users\mka\Documents\GitHub\4e4th034+uMMT+u4th\Debug\Obj\ #
#                            -s+ -M<> -w+                                     #
#                            -LC:\Users\mka\Documents\GitHub\4e4th034+uMMT+u4th\Debug\List\ #
#                            -t8 -x -r -D__MSP430G2553__                      #
#                            -IC:\Program Files (x86)\IAR Systems\Embedded Workbench 7.2\430\INC\ #
#                                                                             #
###############################################################################

      1    000000              ; ----------------------------------------------
                               --------------------------------
      2    000000              ; 4e4th is a Forth based on CamelForth
                                
      3    000000              ; for the Texas Instruments MSP430 
      4    000000              ; 
      5    000000              ; This program is free software; you can
                                redistribute it and/or modify
      6    000000              ; it under the terms of the GNU General Public
                                License as published by
      7    000000              ; the Free Software Foundation; either version 3
                                of the License, or
      8    000000              ; (at your option) any later version.
      9    000000              ; 
     10    000000              ; This program is distributed in the hope that
                                it will be useful,
     11    000000              ; but WITHOUT ANY WARRANTY; without even the
                                implied warranty of
     12    000000              ; MERCHANTABILITY or FITNESS FOR A PARTICULAR
                                PURPOSE.  See the
     13    000000              ; GNU General Public License for more details.
     14    000000              ;
     15    000000              ; You should have received a copy of the GNU
                                General Public License
     16    000000              ; along with this program.  If not, see
                                <http://www.gnu.org/licenses/>.
     17    000000              ; 
     18    000000              ; See LICENSE TERMS in Brads file readme.txt as
                                well.
     19    000000              
     20    000000              ; ----------------------------------------------
                               --------------------------------
     21    000000              ; 4e-infoCG2553.s43 - SAVE variables to infoC -
                                MSP430G2553
     22    000000              ; ----------------------------------------------
                               --------------------------------
     23    000000              
     24    000000              #include "msp430.h"                     ;
                                #define controlled include file
     25    000000              #include "4e-CF430G2553forth.h"             ;
                                header macros and register defs
     26    000000              
     27    000000              PUBLIC infoC
     28    000000              
     29    000000              RSEG INFOC
     30    000000              
     31    000000              ; VAR_AREA in infoC   -   saved variables,
                                default value = 0
     32    000000              
     33    000000              infoC:
     34    000000 0000                DW 0
     35    000002 0000                DW 0
     36    000004 0000                DW 0
     37    000006 0000                DW 0
     38    000008 0000                DW 0
     39    00000A 0000                DW 0
     40    00000C 0000                DW 0
     41    00000E 0000                DW 0
     42    000010              
     43    000010 0000                DW 0
     44    000012 0000                DW 0
     45    000014 0000                DW 0
     46    000016 0000                DW 0
     47    000018 0000                DW 0
     48    00001A 0000                DW 0
     49    00001C 0000                DW 0
     50    00001E 0000                DW 0
     51    000020              
     52    000020              END



Segment             Type 	Mode
----------------------------------------
INFOC               UNTYPED  	REL 

Label               Mode   Type                   Segment    Value/Offset
------------------------------------------------------------------------------
ADC10AE0            ABS    CONST UNTYP.           ASEG       4A 
ADC10CTL0           ABS    CONST UNTYP.           ASEG       1B0 
ADC10CTL1           ABS    CONST UNTYP.           ASEG       1B2 
ADC10DTC0           ABS    CONST UNTYP.           ASEG       48 
ADC10DTC1           ABS    CONST UNTYP.           ASEG       49 
ADC10MEM            ABS    CONST UNTYP.           ASEG       1B4 
ADC10SA             ABS    CONST UNTYP.           ASEG       1BC 
BCSCTL1             ABS    CONST UNTYP.           ASEG       57 
BCSCTL2             ABS    CONST UNTYP.           ASEG       58 
BCSCTL3             ABS    CONST UNTYP.           ASEG       53 
CACTL1              ABS    CONST UNTYP.           ASEG       59 
CACTL2              ABS    CONST UNTYP.           ASEG       5A 
CALBC1_12MHZ        ABS    CONST UNTYP.           ASEG       10FB 
CALBC1_16MHZ        ABS    CONST UNTYP.           ASEG       10F9 
CALBC1_1MHZ         ABS    CONST UNTYP.           ASEG       10FF 
CALBC1_8MHZ         ABS    CONST UNTYP.           ASEG       10FD 
CALDCO_12MHZ        ABS    CONST UNTYP.           ASEG       10FA 
CALDCO_16MHZ        ABS    CONST UNTYP.           ASEG       10F8 
CALDCO_1MHZ         ABS    CONST UNTYP.           ASEG       10FE 
CALDCO_8MHZ         ABS    CONST UNTYP.           ASEG       10FC 
CAPD                ABS    CONST UNTYP.           ASEG       5B 
DCOCTL              ABS    CONST UNTYP.           ASEG       56 
FCTL1               ABS    CONST UNTYP.           ASEG       128 
FCTL2               ABS    CONST UNTYP.           ASEG       12A 
FCTL3               ABS    CONST UNTYP.           ASEG       12C 
IE1                 ABS    CONST UNTYP.           ASEG       0 
IE2                 ABS    CONST UNTYP.           ASEG       1 
IFG1                ABS    CONST UNTYP.           ASEG       2 
IFG2                ABS    CONST UNTYP.           ASEG       3 
P1DIR               ABS    CONST UNTYP.           ASEG       22 
P1IE                ABS    CONST UNTYP.           ASEG       25 
P1IES               ABS    CONST UNTYP.           ASEG       24 
P1IFG               ABS    CONST UNTYP.           ASEG       23 
P1IN                ABS    CONST UNTYP.           ASEG       20 
P1OUT               ABS    CONST UNTYP.           ASEG       21 
P1REN               ABS    CONST UNTYP.           ASEG       27 
P1SEL               ABS    CONST UNTYP.           ASEG       26 
P1SEL2              ABS    CONST UNTYP.           ASEG       41 
P2DIR               ABS    CONST UNTYP.           ASEG       2A 
P2IE                ABS    CONST UNTYP.           ASEG       2D 
P2IES               ABS    CONST UNTYP.           ASEG       2C 
P2IFG               ABS    CONST UNTYP.           ASEG       2B 
P2IN                ABS    CONST UNTYP.           ASEG       28 
P2OUT               ABS    CONST UNTYP.           ASEG       29 
P2REN               ABS    CONST UNTYP.           ASEG       2F 
P2SEL               ABS    CONST UNTYP.           ASEG       2E 
P2SEL2              ABS    CONST UNTYP.           ASEG       42 
P3DIR               ABS    CONST UNTYP.           ASEG       1A 
P3IN                ABS    CONST UNTYP.           ASEG       18 
P3OUT               ABS    CONST UNTYP.           ASEG       19 
P3REN               ABS    CONST UNTYP.           ASEG       10 
P3SEL               ABS    CONST UNTYP.           ASEG       1B 
P3SEL2              ABS    CONST UNTYP.           ASEG       43 
TA0CCR0             ABS    CONST UNTYP.           ASEG       172 
TA0CCR1             ABS    CONST UNTYP.           ASEG       174 
TA0CCR2             ABS    CONST UNTYP.           ASEG       176 
TA0CCTL0            ABS    CONST UNTYP.           ASEG       162 
TA0CCTL1            ABS    CONST UNTYP.           ASEG       164 
TA0CCTL2            ABS    CONST UNTYP.           ASEG       166 
TA0CTL              ABS    CONST UNTYP.           ASEG       160 
TA0IV               ABS    CONST UNTYP.           ASEG       12E 
TA0R                ABS    CONST UNTYP.           ASEG       170 
TA1CCR0             ABS    CONST UNTYP.           ASEG       192 
TA1CCR1             ABS    CONST UNTYP.           ASEG       194 
TA1CCR2             ABS    CONST UNTYP.           ASEG       196 
TA1CCTL0            ABS    CONST UNTYP.           ASEG       182 
TA1CCTL1            ABS    CONST UNTYP.           ASEG       184 
TA1CCTL2            ABS    CONST UNTYP.           ASEG       186 
TA1CTL              ABS    CONST UNTYP.           ASEG       180 
TA1IV               ABS    CONST UNTYP.           ASEG       11E 
TA1R                ABS    CONST UNTYP.           ASEG       190 
TLV_ADC10_1_LEN     ABS    CONST UNTYP.           ASEG       10DB 
TLV_ADC10_1_TAG     ABS    CONST UNTYP.           ASEG       10DA 
TLV_CHECKSUM        ABS    CONST UNTYP.           ASEG       10C0 
TLV_DCO_30_LEN      ABS    CONST UNTYP.           ASEG       10F7 
TLV_DCO_30_TAG      ABS    CONST UNTYP.           ASEG       10F6 
UCA0ABCTL           ABS    CONST UNTYP.           ASEG       5D 
UCA0BR0             ABS    CONST UNTYP.           ASEG       62 
UCA0BR1             ABS    CONST UNTYP.           ASEG       63 
UCA0CTL0            ABS    CONST UNTYP.           ASEG       60 
UCA0CTL1            ABS    CONST UNTYP.           ASEG       61 
UCA0IRRCTL          ABS    CONST UNTYP.           ASEG       5F 
UCA0IRTCTL          ABS    CONST UNTYP.           ASEG       5E 
UCA0MCTL            ABS    CONST UNTYP.           ASEG       64 
UCA0RXBUF           ABS    CONST UNTYP.           ASEG       66 
UCA0STAT            ABS    CONST UNTYP.           ASEG       65 
UCA0TXBUF           ABS    CONST UNTYP.           ASEG       67 
UCB0BR0             ABS    CONST UNTYP.           ASEG       6A 
UCB0BR1             ABS    CONST UNTYP.           ASEG       6B 
UCB0CTL0            ABS    CONST UNTYP.           ASEG       68 
UCB0CTL1            ABS    CONST UNTYP.           ASEG       69 
UCB0I2CIE           ABS    CONST UNTYP.           ASEG       6C 
UCB0I2COA           ABS    CONST UNTYP.           ASEG       118 
UCB0I2CSA           ABS    CONST UNTYP.           ASEG       11A 
UCB0RXBUF           ABS    CONST UNTYP.           ASEG       6E 
UCB0STAT            ABS    CONST UNTYP.           ASEG       6D 
UCB0TXBUF           ABS    CONST UNTYP.           ASEG       6F 
WDTCTL              ABS    CONST UNTYP.           ASEG       120 
__MSP430G2203__     ABS    CONST UNTYP.           ASEG       Not solved 
infoC               REL    CONST PUB UNTYP.       INFOC      0 


##############################
#          CRC:26DB          #
#        Errors:   0         #
#        Warnings: 0         #
#         Bytes: 32          #
##############################



